SpeechBrain system description
==============================
Python version:
3.10.11 (main, Apr 20 2023, 19:02:41) [GCC 11.2.0]
==============================
Installed Python packages:
absl-py @ file:///home/conda/feedstock_root/build_artifacts/absl-py_1673535674859/work
accelerate==0.31.0
aiohttp @ file:///home/conda/feedstock_root/build_artifacts/aiohttp_1649013149994/work
aiosignal @ file:///home/conda/feedstock_root/build_artifacts/aiosignal_1667935791922/work
antlr4-python3-runtime==4.9.3
anyascii==0.3.2
anyio==4.4.0
appdirs==1.4.4
argcomplete==3.5.0
argon2-cffi==23.1.0
argon2-cffi-bindings==21.2.0
arrow==1.3.0
asteroid-filterbanks==0.4.0
asttokens @ file:///home/conda/feedstock_root/build_artifacts/asttokens_1670263926556/work
astunparse==1.6.3
async-lru==2.0.4
async-timeout @ file:///home/conda/feedstock_root/build_artifacts/async-timeout_1640026696943/work
attrs @ file:///home/conda/feedstock_root/build_artifacts/attrs_1683424013410/work
audioread==3.0.0
Babel==2.12.1
backcall @ file:///home/conda/feedstock_root/build_artifacts/backcall_1592338393461/work
backports.functools-lru-cache @ file:///home/conda/feedstock_root/build_artifacts/backports.functools_lru_cache_1618230623929/work
bangla==0.0.2
beartype==0.18.5
beautifulsoup4==4.12.2
black==24.3.0
bleach==6.1.0
blinker @ file:///home/conda/feedstock_root/build_artifacts/blinker_1681349778161/work
bnnumerizer==0.0.2
bnunicodenormalizer==0.1.1
boltons==23.0.0
boto==2.49.0
Bottleneck @ file:///opt/conda/conda-bld/bottleneck_1657175564434/work
brotlipy==0.7.0
cachetools==4.2.4
causal-conv1d==1.4.0
certifi @ file:///croot/certifi_1720453481653/work/certifi
cffi @ file:///croot/cffi_1670423208954/work
cfgv==3.4.0
charset-normalizer @ file:///tmp/build/80754af9/charset-normalizer_1630003229654/work
ci-sdr==0.0.2
clarabel==0.9.0
clean-fid==0.1.35
click==8.1.7
clip-anytorch==2.5.2
clldutils==3.20.0
cloudpickle==3.0.0
cmake==3.27.6
colorama @ file:///home/conda/feedstock_root/build_artifacts/colorama_1666700638685/work
colorlog==6.7.0
comm==0.2.2
ConfigArgParse==1.7
contourpy @ file:///opt/conda/conda-bld/contourpy_1663827406301/work
coqpit==0.0.17
crcmod==1.7
cryptography @ file:///croot/cryptography_1677533068310/work
csvw==3.2.0
ctc-segmentation==1.7.4
cvxpy==1.5.2
cycler @ file:///tmp/build/80754af9/cycler_1637851556182/work
Cython==0.29.30
dataclasses @ file:///home/conda/feedstock_root/build_artifacts/dataclasses_1628958434797/work
datasets @ file:///home/conda/feedstock_root/build_artifacts/datasets_1682692167356/work
dateparser==1.1.8
debugpy==1.8.2
decorator==4.4.2
defusedxml==0.7.1
dill @ file:///home/conda/feedstock_root/build_artifacts/dill_1666603105584/work
Distance==0.1.3
distlib==0.3.8
dlinfo==1.2.1
docker-pycreds==0.4.0
docopt==0.6.2
docstring_parser_fork==0.0.5
ecos==2.0.14
editdistance==0.5.2
einops==0.6.1
encodec==0.1.1
entrypoints @ file:///home/conda/feedstock_root/build_artifacts/entrypoints_1643888246732/work
espeak-phonemizer==1.3.1
espeak_py==0.1.7
espeakng==1.0.2
espnet-model-zoo==0.1.7
espnet-tts-frontend==0.0.3
et-xmlfile==1.1.0
exceptiongroup==1.2.1
executing @ file:///home/conda/feedstock_root/build_artifacts/executing_1667317341051/work
fairscale==0.4.13
fast-bss-eval==0.1.3
fastdtw==0.3.4
fasteners==0.19
fastjsonschema==2.20.0
ffmpeg-python==0.2.0
filelock==3.13.4
flake8==7.0.0
Flask==2.3.2
flatbuffers==23.5.26
fonttools==4.25.0
fqdn==1.5.1
frozenlist @ file:///croot/frozenlist_1670004507010/work
fsspec @ file:///home/conda/feedstock_root/build_artifacts/fsspec_1683494881189/work
ftfy==6.1.1
future==0.18.3
g2p-en==2.1.0
g2pkk==0.1.2
gast==0.4.0
gcs-oauth2-boto-plugin==3.2
gdown==4.7.1
gitdb==4.0.10
GitPython==3.1.32
gmpy2 @ file:///tmp/build/80754af9/gmpy2_1645455533097/work
google-apitools==0.5.32
google-auth==2.17.0
google-auth-httplib2==0.2.0
google-auth-oauthlib==1.0.0
google-pasta==0.2.0
google-reauth==0.1.1
graphviz==0.20.3
grpcio==1.56.2
gruut==2.2.3
gruut-ipa==0.13.0
gruut-lang-de==2.0.0
gruut-lang-en==2.0.0
gruut-lang-es==2.0.0
gruut-lang-fr==2.0.2
gsutil==5.30
gTTS==2.5.1
gym==0.26.2
gym-notices==0.0.8
h11==0.14.0
h5py==3.9.0
httpcore==1.0.5
httplib2==0.20.4
httpx==0.27.0
huggingface-hub==0.22.2
huggingsound==0.1.6
humanfriendly==10.0
hydra-core==1.3.2
HyperPyYAML==1.2.2
identify==2.5.36
idna @ file:///croot/idna_1666125576474/work
imageio==2.31.1
imageio-ffmpeg==0.4.9
importlib-metadata==4.13.0
inflect==6.2.0
iniconfig==2.0.0
ipykernel==6.29.5
ipython @ file:///home/conda/feedstock_root/build_artifacts/ipython_1685727741709/work
ipywidgets==8.1.3
isodate==0.6.1
isoduration==20.11.0
isort==5.13.2
itsdangerous==2.1.2
jaconv==0.3.4
jamo==0.4.1
jedi @ file:///home/conda/feedstock_root/build_artifacts/jedi_1669134318875/work
jieba==0.42.1
Jinja2 @ file:///croot/jinja2_1666908132255/work
jiwer==2.6.0
joblib @ file:///home/conda/feedstock_root/build_artifacts/joblib_1663332044897/work
json5==0.9.25
jsonlines==1.2.0
jsonmerge==1.9.0
jsonpointer==3.0.0
jsonschema==4.18.2
jsonschema-specifications==2023.6.1
jupyter==1.0.0
jupyter-console==6.6.3
jupyter-events==0.10.0
jupyter-lsp==2.2.5
jupyter_client==8.6.2
jupyter_core @ file:///home/conda/feedstock_root/build_artifacts/jupyter_core_1669775088561/work
jupyter_server==2.14.1
jupyter_server_terminals==0.5.3
jupyterlab==4.2.3
jupyterlab_pygments==0.3.0
jupyterlab_server==2.27.2
jupyterlab_widgets==3.0.11
k-diffusion==0.0.15
k2==1.23.4
kaldiio==2.18.0
keras==2.13.1
kiwisolver @ file:///croot/kiwisolver_1672387140495/work
kornia==0.6.12
language-tags==1.2.0
lazy_loader==0.2
learn2learn==0.2.0
libclang==16.0.6
librosa==0.9.2
lightning-utilities==0.11.3.post0
lion-pytorch==0.2.2
lit==17.0.2
llvmlite==0.41.0
lxml==4.9.3
mamba-ssm==2.2.2
Markdown @ file:///home/conda/feedstock_root/build_artifacts/markdown_1679584000376/work
MarkupSafe @ file:///opt/conda/conda-bld/markupsafe_1654597864307/work
matplotlib @ file:///croot/matplotlib-suite_1670466153205/work
matplotlib-inline @ file:///home/conda/feedstock_root/build_artifacts/matplotlib-inline_1660814786464/work
mccabe==0.7.0
mecab-python3==1.0.6
mir-eval==0.7
mistune==3.0.2
mkl-fft==1.3.6
mkl-random @ file:///work/mkl/mkl_random_1682950433854/work
mkl-service==2.4.0
monotonic==1.6
Morfessor==2.0.6
moviepy==1.0.3
mpmath==1.2.1
msgpack==1.0.5
multidict @ file:///croot/multidict_1665674239670/work
multiprocess @ file:///croot/multiprocess_1668006441451/work
munkres==1.1.4
musdb==0.4.0
museval==0.4.1
mypy-extensions==1.0.0
nara-wpe==0.0.9
nbclient==0.10.0
nbconvert==7.16.4
nbformat==5.10.4
nest-asyncio @ file:///home/conda/feedstock_root/build_artifacts/nest-asyncio_1664684991461/work
networkx @ file:///croot/networkx_1678964333703/work
ninja==1.11.1.1
nltk==3.8.1
nnmnkwii==0.1.2
nodeenv==1.8.0
notebook==7.2.1
notebook_shim==0.2.4
num2words==0.5.12
numba==0.58.0
numexpr @ file:///croot/numexpr_1683221822650/work
numpy==1.23.5
nvidia-cublas-cu11==11.10.3.66
nvidia-cuda-cupti-cu11==11.7.101
nvidia-cuda-nvrtc-cu11==11.7.99
nvidia-cuda-runtime-cu11==11.7.99
nvidia-cudnn-cu11==8.5.0.96
nvidia-cufft-cu11==10.9.0.58
nvidia-curand-cu11==10.2.10.91
nvidia-cusolver-cu11==11.4.0.1
nvidia-cusparse-cu11==11.7.4.91
nvidia-dllogger==0.1.0
nvidia-nccl-cu11==2.14.3
nvidia-nvtx-cu11==11.7.91
oauth2client==4.1.3
oauthlib @ file:///home/conda/feedstock_root/build_artifacts/oauthlib_1666056362788/work
omegaconf==2.3.0
openpyxl==3.1.5
opt-einsum==3.3.0
osqp==0.6.7.post1
overrides==7.7.0
packaging @ file:///home/conda/feedstock_root/build_artifacts/packaging_1681337016113/work
pandas==1.5.3
pandocfilters==1.5.1
parso @ file:///home/conda/feedstock_root/build_artifacts/parso_1638334955874/work
pathspec==0.12.1
pathtools==0.1.2
pexpect @ file:///home/conda/feedstock_root/build_artifacts/pexpect_1667297516076/work
phonemizer==3.2.1
pickleshare @ file:///home/conda/feedstock_root/build_artifacts/pickleshare_1602536217715/work
Pillow==9.4.0
platformdirs==4.2.0
pluggy==1.5.0
pooch==1.6.0
portalocker==2.8.2
praatio==6.0.1
pre-commit==3.7.0
proglog==0.1.10
prometheus_client==0.20.0
prompt-toolkit @ file:///home/conda/feedstock_root/build_artifacts/prompt-toolkit_1677600924538/work
protobuf==3.20.1
psutil @ file:///opt/conda/conda-bld/psutil_1656431268089/work
ptyprocess @ file:///home/conda/feedstock_root/build_artifacts/ptyprocess_1609419310487/work/dist/ptyprocess-0.7.0-py2.py3-none-any.whl
pure-eval @ file:///home/conda/feedstock_root/build_artifacts/pure_eval_1642875951954/work
py-espeak-ng==0.1.8
pyaml==23.9.7
pyarrow==11.0.0
pyasn1==0.4.8
pyasn1-modules==0.2.7
pycodestyle==2.11.0
pycparser @ file:///tmp/build/80754af9/pycparser_1636541352034/work
pydantic==1.10.8
pydoclint==0.4.1
pydub @ file:///home/conda/feedstock_root/build_artifacts/pydub_1615612442567/work
pyflakes==3.2.0
Pygments @ file:///home/conda/feedstock_root/build_artifacts/pygments_1681904169130/work
pygtrie==2.5.0
PyJWT @ file:///home/conda/feedstock_root/build_artifacts/pyjwt_1683676063469/work
pylatexenc==2.10
pynndescent==0.5.10
pyOpenSSL @ file:///croot/pyopenssl_1677607685877/work
pyparsing @ file:///opt/conda/conda-bld/pyparsing_1661452539315/work
pypickle @ file:///home/conda/feedstock_root/build_artifacts/pypickle_1646854071785/work
pypinyin==0.44.0
pysbd==0.3.4
PySocks @ file:///home/builder/ci_310/pysocks_1640793678128/work
pySpeakNG==0.1.2
pysptk==0.2.1
pystoi==0.3.3
pytest==7.4.0
python-crfsuite==0.9.9
python-dateutil @ file:///home/conda/feedstock_root/build_artifacts/python-dateutil_1626286286081/work
python-json-logger==2.0.7
python-speech-features==0.6
pytorch-lightning==2.3.3
pytorch-ranger==0.1.1
pytorch-wpe==0.0.1
pyttsx3==2.90
pytube==15.0.0
pytz @ file:///home/conda/feedstock_root/build_artifacts/pytz_1680088766131/work
pyu2f @ file:///home/conda/feedstock_root/build_artifacts/pyu2f_1604248910016/work
PyWavelets==1.4.1
pyworld==0.3.4
PyYAML @ file:///home/conda/feedstock_root/build_artifacts/pyyaml_1648757090803/work
pyzmq==26.0.3
qdldl==0.1.7.post4
qpth==0.0.17
qtconsole==5.5.2
QtPy==2.4.1
rapidfuzz==2.13.7
rdflib==7.0.0
referencing==0.29.1
regex @ file:///tmp/abs_41f5bce5-0a2e-45aa-b231-1fd2fbd57753gfpe6sjm/croots/recipe/regex_1658257178822/work
requests==2.32.3
requests-oauthlib @ file:///home/conda/feedstock_root/build_artifacts/requests-oauthlib_1643557462909/work
resampy==0.4.2
resize-right==0.0.2
responses @ file:///home/conda/feedstock_root/build_artifacts/responses_1643839609465/work
retry-decorator==1.1.1
rfc3339-validator==0.1.4
rfc3986==1.5.0
rfc3986-validator==0.1.1
rpds-py==0.8.10
rsa==4.7.2
ruamel.yaml==0.18.6
ruamel.yaml.clib==0.2.8
sacrebleu==2.3.1
sacremoses @ file:///home/conda/feedstock_root/build_artifacts/sacremoses_1651557636210/work
safetensors==0.4.3
scikit-image==0.21.0
scikit-learn==1.2.2
scipy==1.10.1
scs==3.2.6
seaborn @ file:///croot/seaborn_1673479180098/work
segments==2.2.1
Send2Trash==1.8.3
sentencepiece==0.1.97
sentry-sdk==1.28.0
setproctitle==1.3.2
simplejson==3.19.2
six @ file:///home/conda/feedstock_root/build_artifacts/six_1620240208055/work
smmap==5.0.0
sniffio==1.3.1
soundfile==0.12.1
soupsieve==2.5
soxr==0.3.5
-e git+https://github.com/speechbrain/speechbrain.git@11e2bbb84ea273e7f341ac0a566cb3df4df1c395#egg=speechbrain
SpeechRecognition==3.10.4
speechtokenizer==1.0.1
srt==3.5.3
stack-data @ file:///home/conda/feedstock_root/build_artifacts/stack_data_1669632077133/work
stempeg==0.2.3
sympy @ file:///croot/sympy_1668202399572/work
tabulate==0.9.0
tacotron2==22.12.28
tensorboard==2.13.0
tensorboard-data-server==0.7.1
tensorboard-plugin-wit @ file:///home/conda/feedstock_root/build_artifacts/tensorboard-plugin-wit_1641458951060/work/tensorboard_plugin_wit-1.8.1-py3-none-any.whl
tensorboardX==2.6.2
tensorflow==2.13.0
tensorflow-estimator==2.13.0
tensorflow-io-gcs-filesystem==0.29.0
termcolor==2.3.0
terminado==0.18.1
threadpoolctl==3.1.0
tifffile==2023.7.10
tinycss2==1.3.0
tokenizers==0.19.1
tomli==2.0.1
tomlkit==0.12.1
torch==1.12.1
torch-complex==0.4.3
torch-optimizer==0.3.0
torch-tb-profiler==0.4.1
torchaudio==2.0.0
torchdiffeq==0.2.3
torchmetrics==1.4.0.post0
torchsde==0.2.5
torchvision==0.15.0
tornado==6.4.1
tqdm @ file:///home/conda/feedstock_root/build_artifacts/tqdm_1677948868469/work
trainer==0.0.27
traitlets @ file:///home/conda/feedstock_root/build_artifacts/traitlets_1675110562325/work
trampoline==0.1.2
transformers==4.40.0
triton==2.0.0
TTS==0.15.6
typeguard==2.13.3
types-python-dateutil==2.9.0.20240316
typing_extensions @ file:///croot/typing_extensions_1681939499988/work
tzlocal==5.0.1
umap-learn==0.5.1
Unidecode==1.3.6
unidic-lite==1.0.8
uri-template==1.3.0
uritemplate==4.1.1
urllib3 @ file:///croot/urllib3_1680254681959/work
virtualenv==20.25.3
wandb==0.15.5
waveglow==22.12.28
wcwidth @ file:///home/conda/feedstock_root/build_artifacts/wcwidth_1673864653149/work
webcolors==24.6.0
webencodings==0.5.1
websocket-client==1.8.0
Werkzeug @ file:///home/conda/feedstock_root/build_artifacts/werkzeug_1683636301408/work
widgetsnbextension==4.0.11
wrapt==1.15.0
xmltodict==0.13.0
xxhash @ file:///home/conda/feedstock_root/build_artifacts/python-xxhash_1649442408890/work
yamllint==1.35.1
yarl @ file:///home/conda/feedstock_root/build_artifacts/yarl_1648966516552/work
youtube-dl==2021.12.17
zipp @ file:///home/conda/feedstock_root/build_artifacts/zipp_1677313463193/work
==============================
Git revision:
11e2bbb84
==============================
CUDA version:
11.7